# JRE version: OpenJDK Runtime Environment (8.0-b10) (build 1.8.0-262-b10)
# Java VM: OpenJDK 64-Bit Server VM (25.71-b10 mixed mode windows-amd64 compressed oops)
Heap:
 PSYoungGen      total 131072K, used 105766K [0x00000000e0000000, 0x00000000ea080000, 0x0000000100000000)
  eden space 123904K, 79% used [0x00000000e0000000,0x00000000e604fe08,0x00000000e7900000)
  from space 7168K, 99% used [0x00000000e9980000,0x00000000ea079ad8,0x00000000ea080000)
  to   space 9216K, 0% used [0x00000000e8e80000,0x00000000e8e80000,0x00000000e9780000)
 ParOldGen       total 74752K, used 15718K [0x00000000a0000000, 0x00000000a4900000, 0x00000000e0000000)
  object space 74752K, 21% used [0x00000000a0000000,0x00000000a0f59a68,0x00000000a4900000)
 Metaspace       used 41305K, capacity 43621K, committed 43904K, reserved 1087488K
  class space    used 5712K, capacity 6151K, committed 6272K, reserved 1048576K
GC Heap History (10 events):
Event: 10.442 GC heap before
{Heap before GC invocations=10 (full 1):
 PSYoungGen      total 70656K, used 63488K [0x00000000e0000000, 0x00000000e7b00000, 0x0000000100000000)
  eden space 63488K, 100% used [0x00000000e0000000,0x00000000e3e00000,0x00000000e3e00000)
  from space 7168K, 0% used [0x00000000e4500000,0x00000000e4500000,0x00000000e4c00000)
  to   space 7168K, 0% used [0x00000000e3e00000,0x00000000e3e00000,0x00000000e4500000)
 ParOldGen       total 48640K, used 8196K [0x00000000a0000000, 0x00000000a2f80000, 0x00000000e0000000)
  object space 48640K, 16% used [0x00000000a0000000,0x00000000a0801178,0x00000000a2f80000)
 Metaspace       used 24169K, capacity 25274K, committed 25344K, reserved 1071104K
  class space    used 3517K, capacity 3773K, committed 3840K, reserved 1048576K
Event: 10.446 GC heap after
Heap after GC invocations=10 (full 1):
 PSYoungGen      total 70656K, used 4665K [0x00000000e0000000, 0x00000000e6e00000, 0x0000000100000000)
  eden space 63488K, 0% used [0x00000000e0000000,0x00000000e0000000,0x00000000e3e00000)
  from space 7168K, 65% used [0x00000000e3e00000,0x00000000e428e478,0x00000000e4500000)
  to   space 7168K, 0% used [0x00000000e6700000,0x00000000e6700000,0x00000000e6e00000)
 ParOldGen       total 48640K, used 8204K [0x00000000a0000000, 0x00000000a2f80000, 0x00000000e0000000)
  object space 48640K, 16% used [0x00000000a0000000,0x00000000a0803178,0x00000000a2f80000)
 Metaspace       used 24169K, capacity 25274K, committed 25344K, reserved 1071104K
  class space    used 3517K, capacity 3773K, committed 3840K, reserved 1048576K
}
Event: 11.251 GC heap before
{Heap before GC invocations=11 (full 1):
 PSYoungGen      total 70656K, used 68153K [0x00000000e0000000, 0x00000000e6e00000, 0x0000000100000000)
  eden space 63488K, 100% used [0x00000000e0000000,0x00000000e3e00000,0x00000000e3e00000)
  from space 7168K, 65% used [0x00000000e3e00000,0x00000000e428e478,0x00000000e4500000)
  to   space 7168K, 0% used [0x00000000e6700000,0x00000000e6700000,0x00000000e6e00000)
 ParOldGen       total 48640K, used 8204K [0x00000000a0000000, 0x00000000a2f80000, 0x00000000e0000000)
  object space 48640K, 16% used [0x00000000a0000000,0x00000000a0803178,0x00000000a2f80000)
 Metaspace       used 32239K, capacity 33686K, committed 33792K, reserved 1079296K
  class space    used 4493K, capacity 4810K, committed 4864K, reserved 1048576K
Event: 11.261 GC heap after
Heap after GC invocations=11 (full 1):
 PSYoungGen      total 103936K, used 7164K [0x00000000e0000000, 0x00000000e7080000, 0x0000000100000000)
  eden space 96768K, 0% used [0x00000000e0000000,0x00000000e0000000,0x00000000e5e80000)
  from space 7168K, 99% used [0x00000000e6700000,0x00000000e6dff018,0x00000000e6e00000)
  to   space 8704K, 0% used [0x00000000e5e80000,0x00000000e5e80000,0x00000000e6700000)
 ParOldGen       total 48640K, used 10331K [0x00000000a0000000, 0x00000000a2f80000, 0x00000000e0000000)
  object space 48640K, 21% used [0x00000000a0000000,0x00000000a0a16ef8,0x00000000a2f80000)
 Metaspace       used 32239K, capacity 33686K, committed 33792K, reserved 1079296K
  class space    used 4493K, capacity 4810K, committed 4864K, reserved 1048576K
}
Event: 12.283 GC heap before
{Heap before GC invocations=12 (full 1):
 PSYoungGen      total 103936K, used 54876K [0x00000000e0000000, 0x00000000e7080000, 0x0000000100000000)
  eden space 96768K, 49% used [0x00000000e0000000,0x00000000e2e98188,0x00000000e5e80000)
  from space 7168K, 99% used [0x00000000e6700000,0x00000000e6dff018,0x00000000e6e00000)
  to   space 8704K, 0% used [0x00000000e5e80000,0x00000000e5e80000,0x00000000e6700000)
 ParOldGen       total 48640K, used 10331K [0x00000000a0000000, 0x00000000a2f80000, 0x00000000e0000000)
  object space 48640K, 21% used [0x00000000a0000000,0x00000000a0a16ef8,0x00000000a2f80000)
 Metaspace       used 33959K, capacity 35430K, committed 35496K, reserved 1079296K
  class space    used 4728K, capacity 5076K, committed 5120K, reserved 1048576K
Event: 12.296 GC heap after
Heap after GC invocations=12 (full 1):
 PSYoungGen      total 105472K, used 3194K [0x00000000e0000000, 0x00000000ea200000, 0x0000000100000000)
  eden space 96768K, 0% used [0x00000000e0000000,0x00000000e0000000,0x00000000e5e80000)
  from space 8704K, 36% used [0x00000000e5e80000,0x00000000e619ea18,0x00000000e6700000)
  to   space 8704K, 0% used [0x00000000e9980000,0x00000000e9980000,0x00000000ea200000)
 ParOldGen       total 48640K, used 15293K [0x00000000a0000000, 0x00000000a2f80000, 0x00000000e0000000)
  object space 48640K, 31% used [0x00000000a0000000,0x00000000a0eef678,0x00000000a2f80000)
 Metaspace       used 33959K, capacity 35430K, committed 35496K, reserved 1079296K
  class space    used 4728K, capacity 5076K, committed 5120K, reserved 1048576K
}
Event: 12.296 GC heap before
{Heap before GC invocations=13 (full 2):
 PSYoungGen      total 105472K, used 3194K [0x00000000e0000000, 0x00000000ea200000, 0x0000000100000000)
  eden space 96768K, 0% used [0x00000000e0000000,0x00000000e0000000,0x00000000e5e80000)
  from space 8704K, 36% used [0x00000000e5e80000,0x00000000e619ea18,0x00000000e6700000)
  to   space 8704K, 0% used [0x00000000e9980000,0x00000000e9980000,0x00000000ea200000)
 ParOldGen       total 48640K, used 15293K [0x00000000a0000000, 0x00000000a2f80000, 0x00000000e0000000)
  object space 48640K, 31% used [0x00000000a0000000,0x00000000a0eef678,0x00000000a2f80000)
 Metaspace       used 33959K, capacity 35430K, committed 35496K, reserved 1079296K
  class space    used 4728K, capacity 5076K, committed 5120K, reserved 1048576K
Event: 12.371 GC heap after
Heap after GC invocations=13 (full 2):
 PSYoungGen      total 105472K, used 0K [0x00000000e0000000, 0x00000000ea200000, 0x0000000100000000)
  eden space 96768K, 0% used [0x00000000e0000000,0x00000000e0000000,0x00000000e5e80000)
  from space 8704K, 0% used [0x00000000e5e80000,0x00000000e5e80000,0x00000000e6700000)
  to   space 8704K, 0% used [0x00000000e9980000,0x00000000e9980000,0x00000000ea200000)
 ParOldGen       total 74752K, used 15710K [0x00000000a0000000, 0x00000000a4900000, 0x00000000e0000000)
  object space 74752K, 21% used [0x00000000a0000000,0x00000000a0f57a68,0x00000000a4900000)
 Metaspace       used 33959K, capacity 35430K, committed 35496K, reserved 1079296K
  class space    used 4728K, capacity 5076K, committed 5120K, reserved 1048576K
}
Event: 16.929 GC heap before
{Heap before GC invocations=14 (full 2):
 PSYoungGen      total 105472K, used 96768K [0x00000000e0000000, 0x00000000ea200000, 0x0000000100000000)
  eden space 96768K, 100% used [0x00000000e0000000,0x00000000e5e80000,0x00000000e5e80000)
  from space 8704K, 0% used [0x00000000e5e80000,0x00000000e5e80000,0x00000000e6700000)
  to   space 8704K, 0% used [0x00000000e9980000,0x00000000e9980000,0x00000000ea200000)
 ParOldGen       total 74752K, used 15710K [0x00000000a0000000, 0x00000000a4900000, 0x00000000e0000000)
  object space 74752K, 21% used [0x00000000a0000000,0x00000000a0f57a68,0x00000000a4900000)
 Metaspace       used 38663K, capacity 40546K, committed 40704K, reserved 1083392K
  class space    used 5389K, capacity 5765K, committed 5888K, reserved 1048576K
Event: 16.955 GC heap after
Heap after GC invocations=14 (full 2):
 PSYoungGen      total 131072K, used 7142K [0x00000000e0000000, 0x00000000ea080000, 0x0000000100000000)
  eden space 123904K, 0% used [0x00000000e0000000,0x00000000e0000000,0x00000000e7900000)
  from space 7168K, 99% used [0x00000000e9980000,0x00000000ea079ad8,0x00000000ea080000)
  to   space 9216K, 0% used [0x00000000e8e80000,0x00000000e8e80000,0x00000000e9780000)
 ParOldGen       total 74752K, used 15718K [0x00000000a0000000, 0x00000000a4900000, 0x00000000e0000000)
  object space 74752K, 21% used [0x00000000a0000000,0x00000000a0f59a68,0x00000000a4900000)
 Metaspace       used 38663K, capacity 40546K, committed 40704K, reserved 1083392K
  class space    used 5389K, capacity 5765K, committed 5888K, reserved 1048576K
}

